=== Experiment Config ===
Scheduler: fifo
Backend: cycle_stub
Workload: synthetic
KeySwitchMethod: cinnamon_ib
Seed: 123
NumCards: 3
NumUsers: 1
EnableMultiCard: true
KeySwitchMultiBoardMode: auto
SyntheticRequestsPerUser: 1
SyntheticInterArrival: 300
SyntheticStartTime: 0
BurstBursts: 4
BurstRequestsPerUserPerBurst: 2
BurstIntraGap: 20
BurstInterGap: 1200
BurstStartTime: 0
BurstLevel: 1
NumPools: 1
PoolConfigSource: built-in default
TreeConfigSource: built-in default
HEParamsSource: built-in default
CSVOutput: results/metrics_cinnamon_ib.csv
DumpLogicalGraph: true
DumpRuntimePlan: true
=========================
 The program is not generated
