=== Experiment Config ===
Scheduler: fifo
Backend: cycle_stub
Workload: synthetic
KeySwitchMethod: cinnamon
Seed: 123
NumCards: 1
NumUsers: 1
EnableMultiCard: false
KeySwitchMultiBoardMode: auto
SyntheticRequestsPerUser: 1
SyntheticInterArrival: 300
SyntheticStartTime: 0
BurstBursts: 4
BurstRequestsPerUserPerBurst: 2
BurstIntraGap: 20
BurstInterGap: 1200
BurstStartTime: 0
BurstLevel: 1
NumPools: 1
PoolConfigSource: built-in default
TreeConfigSource: built-in default
HEParamsSource: built-in default
CSVOutput: results/metrics_cinnamon.csv
DumpLogicalGraph: true
DumpRuntimePlan: true
=========================

========== Detailed Execution Statistics ==========

--- Summary ---
Total cycles:           3731
Total latency (ns):     12437
Peak BRAM live (bytes): 24117248
HBM read (bytes):       85983313
HBM write (bytes):      48234496
Dependency stalls:      3453 cycles
Resource stalls:        278 cycles
Instruction groups:     120
Total instructions:     120

--- Cycle Breakdown by Instruction Kind ---
  LoadHBM: cycles=768 (20.5843%)  count=12  bytes=85983313
  StoreHBM: cycles=512 (13.7229%)  count=8  bytes=48234496
  EweMul: cycles=192 (5.14607%)  count=3  bytes=0
  EweAdd: cycles=256 (6.86143%)  count=4  bytes=0
  EweSub: cycles=64 (1.71536%)  count=1  bytes=0
  NTTLoad: cycles=256 (6.86143%)  count=4  bytes=0
  NTTButterflyLocal: cycles=256 (6.86143%)  count=4  bytes=0
  NTTTranspose1: cycles=64 (1.71536%)  count=4  bytes=0
  NTTButterflyGlobal: cycles=256 (6.86143%)  count=4  bytes=0
  NTTTranspose2: cycles=256 (6.86143%)  count=4  bytes=0
  NTTStore: cycles=256 (6.86143%)  count=4  bytes=0
  INTTLoad: cycles=256 (6.86143%)  count=4  bytes=0
  INTTButterflyLocal: cycles=256 (6.86143%)  count=4  bytes=0
  INTTTranspose1: cycles=64 (1.71536%)  count=4  bytes=0
  INTTButterflyGlobal: cycles=256 (6.86143%)  count=4  bytes=0
  INTTTranspose2: cycles=256 (6.86143%)  count=4  bytes=0
  INTTStore: cycles=256 (6.86143%)  count=4  bytes=0
  BConvLoad: cycles=256 (6.86143%)  count=4  bytes=0
  BConvMAC: cycles=2048 (54.8915%)  count=32  bytes=0
  BConvReduce: cycles=256 (6.86143%)  count=4  bytes=0
  BConvStore: cycles=256 (6.86143%)  count=4  bytes=0

--- EstimateCycle (1-Limb Input) by Operation ---
  key_host_to_hbm: kind=LoadHBM  one_limb_cycles=64  groups=1  instrs=1
  input_hbm_to_spm: kind=LoadHBM  one_limb_cycles=64  groups=8  instrs=8
  intt_load: kind=INTTLoad  one_limb_cycles=64  groups=4  instrs=4
  intt_bfly_local: kind=INTTButterflyLocal  one_limb_cycles=64  groups=4  instrs=4
  intt_transpose1: kind=INTTTranspose1  one_limb_cycles=16  groups=4  instrs=4
  intt_bfly_global: kind=INTTButterflyGlobal  one_limb_cycles=64  groups=4  instrs=4
  intt_transpose2: kind=INTTTranspose2  one_limb_cycles=64  groups=4  instrs=4
  intt_store: kind=INTTStore  one_limb_cycles=64  groups=4  instrs=4
  bconv_load: kind=BConvLoad  one_limb_cycles=64  groups=4  instrs=4
  bconv_mac_p0: kind=BConvMAC  one_limb_cycles=64  groups=4  instrs=4
  bconv_mac_p1: kind=BConvMAC  one_limb_cycles=64  groups=4  instrs=4
  bconv_mac_p2: kind=BConvMAC  one_limb_cycles=64  groups=4  instrs=4
  bconv_mac_p3: kind=BConvMAC  one_limb_cycles=64  groups=4  instrs=4
  bconv_mac_p4: kind=BConvMAC  one_limb_cycles=64  groups=4  instrs=4
  bconv_mac_p5: kind=BConvMAC  one_limb_cycles=64  groups=4  instrs=4
  bconv_mac_p6: kind=BConvMAC  one_limb_cycles=64  groups=4  instrs=4
  bconv_mac_p7: kind=BConvMAC  one_limb_cycles=64  groups=4  instrs=4
  bconv_reduce: kind=BConvReduce  one_limb_cycles=64  groups=4  instrs=4
  bconv_store: kind=BConvStore  one_limb_cycles=64  groups=4  instrs=4
  ntt_load: kind=NTTLoad  one_limb_cycles=64  groups=4  instrs=4
  ntt_bfly_local: kind=NTTButterflyLocal  one_limb_cycles=64  groups=4  instrs=4
  ntt_transpose1: kind=NTTTranspose1  one_limb_cycles=16  groups=4  instrs=4
  ntt_bfly_global: kind=NTTButterflyGlobal  one_limb_cycles=64  groups=4  instrs=4
  ntt_transpose2: kind=NTTTranspose2  one_limb_cycles=64  groups=4  instrs=4
  ntt_store: kind=NTTStore  one_limb_cycles=64  groups=4  instrs=4
  output_spm_to_hbm: kind=StoreHBM  one_limb_cycles=64  groups=8  instrs=8
  key_hbm_to_spm: kind=LoadHBM  one_limb_cycles=64  groups=3  instrs=3
  ks_inner_mul: kind=EweMul  one_limb_cycles=64  groups=3  instrs=3
  ks_inner_add: kind=EweAdd  one_limb_cycles=64  groups=3  instrs=3
  cross_digit_reduce: kind=EweAdd  one_limb_cycles=64  groups=1  instrs=1
  final_subtract: kind=EweSub  one_limb_cycles=64  groups=1  instrs=1

--- Group Timeline ---
  ID  Name                     Start     End       Duration  BRAM_before  BRAM_after   Bytes
   0  key_host_to_hbm                0        64         64            0      6029312  25165824
   1  input_hbm_to_spm               1        65         64            0      6029312  6029312
   2  intt_load                    129       193         64     18087936     24117248  0
   3  intt_bfly_local              193       257         64     24117248     24117248  0
   4  intt_transpose1              257       273         16     24117248     24117248  0
   5  intt_bfly_global             273       337         64     24117248     24117248  0
   6  intt_transpose2              337       401         64     24117248     24117248  0
   7  intt_store                   402       466         64     24117248     18087936  0
   8  bconv_load                   466       530         64     18087936     24117248  0
   9  bconv_mac_p0                 530       594         64     24117248     24117248  0
  10  bconv_mac_p1                 594       658         64     24117248     24117248  0
  11  bconv_mac_p2                 658       722         64     24117248     24117248  0
  12  bconv_mac_p3                 722       786         64     24117248     24117248  0
  13  bconv_mac_p4                 786       850         64     24117248     24117248  0
  14  bconv_mac_p5                 850       914         64     24117248     24117248  0
  15  bconv_mac_p6                 914       978         64     24117248     24117248  0
  16  bconv_mac_p7                 978      1042         64     24117248     24117248  0
  17  bconv_reduce                1042      1106         64     24117248     24117248  0
  18  bconv_store                 1106      1170         64     24117248     12058624  0
  19  ntt_load                    1170      1234         64     12058624      6029312  0
  20  ntt_bfly_local              1234      1298         64      6029312      6029312  0
  21  ntt_transpose1              1298      1314         16      6029312      6029312  0
  22  ntt_bfly_global             1314      1378         64      6029312      6029312  0
  23  ntt_transpose2              1379      1443         64      6029312      6029312  0
  24  ntt_store                   1443      1507         64            0            0  0
  25  output_spm_to_hbm           1507      1571         64            0            0  6029312
  26  input_hbm_to_spm            1571      1635         64            0      6029312  6029312
  27  key_hbm_to_spm               128       192         64     18087936     24117248  4194331
  28  ks_inner_mul                1635      1699         64      6029312            0  0
  29  ks_inner_add                1699      1763         64            0      6029312  0
  30  intt_load                     67       131         64     12058624     24117248  0
  31  intt_bfly_local              131       195         64     24117248     24117248  0
  32  intt_transpose1              209       225         16     24117248     24117248  0
  33  intt_bfly_global             225       289         64     24117248     24117248  0
  34  intt_transpose2              401       465         64     18087936     24117248  0
  35  intt_store                   465       529         64     24117248     18087936  0
  36  bconv_load                   529       593         64     18087936     24117248  0
  37  bconv_mac_p0                 593       657         64     24117248     24117248  0
  38  bconv_mac_p1                 657       721         64     24117248     24117248  0
  39  bconv_mac_p2                 721       785         64     24117248     24117248  0
  40  bconv_mac_p3                 785       849         64     24117248     24117248  0
  41  bconv_mac_p4                 849       913         64     24117248     24117248  0
  42  bconv_mac_p5                 913       977         64     24117248     24117248  0
  43  bconv_mac_p6                 977      1041         64     24117248     24117248  0
  44  bconv_mac_p7                1041      1105         64     24117248     24117248  0
  45  bconv_reduce                1105      1169         64     24117248     18087936  0
  46  bconv_store                 1169      1233         64     18087936      6029312  0
  47  ntt_load                    1233      1297         64      6029312      6029312  0
  48  ntt_bfly_local              1297      1361         64      6029312      6029312  0
  49  ntt_transpose1              1443      1459         16            0            0  0
  50  ntt_bfly_global             1459      1523         64            0      6029312  0
  51  ntt_transpose2              1523      1587         64      6029312      6029312  0
  52  ntt_store                   1587      1651         64      6029312            0  0
  53  output_spm_to_hbm           1651      1715         64            0            0  6029312
  54  input_hbm_to_spm            1715      1779         64            0      6029312  6029312
  55  key_hbm_to_spm                66       130         64     12058624     24117248  4194331
  56  ks_inner_mul                1779      1843         64      6029312      6029312  0
  57  ks_inner_add                1843      1907         64      6029312      6029312  0
  58  intt_load                     65       129         64      6029312     18087936  0
  59  intt_bfly_local              129       193         64     24117248     24117248  0
  60  intt_transpose1              193       209         16     24117248     24117248  0
  61  intt_bfly_global             209       273         64     24117248     24117248  0
  62  intt_transpose2              273       337         64     24117248     24117248  0
  63  intt_store                   337       401         64     24117248     18087936  0
  64  bconv_load                   401       465         64     18087936     24117248  0
  65  bconv_mac_p0                 465       529         64     24117248     24117248  0
  66  bconv_mac_p1                 529       593         64     18087936     24117248  0
  67  bconv_mac_p2                 595       659         64     24117248     24117248  0
  68  bconv_mac_p3                 659       723         64     24117248     24117248  0
  69  bconv_mac_p4                 723       787         64     24117248     24117248  0
  70  bconv_mac_p5                 787       851         64     24117248     24117248  0
  71  bconv_mac_p6                 851       915         64     24117248     24117248  0
  72  bconv_mac_p7                 915       979         64     24117248     24117248  0
  73  bconv_reduce                 979      1043         64     24117248     24117248  0
  74  bconv_store                 1043      1107         64     24117248     18087936  0
  75  ntt_load                    1107      1171         64     18087936     12058624  0
  76  ntt_bfly_local              1171      1235         64     12058624      6029312  0
  77  ntt_transpose1              1235      1251         16      6029312      6029312  0
  78  ntt_bfly_global             1251      1315         64      6029312      6029312  0
  79  ntt_transpose2              1315      1379         64      6029312      6029312  0
  80  ntt_store                   1379      1443         64      6029312            0  0
  81  output_spm_to_hbm           1444      1508         64            0            0  6029312
  82  input_hbm_to_spm            1508      1572         64            0      6029312  6029312
  83  key_hbm_to_spm                64       128         64      6029312     18087936  4194331
  84  ks_inner_mul                1572      1636         64      6029312      6029312  0
  85  ks_inner_add                1636      1700         64      6029312            0  0
  86  output_spm_to_hbm           1763      1827         64      6029312            0  6029312
  87  input_hbm_to_spm            1827      1891         64            0      6029312  6029312
  88  output_spm_to_hbm           1907      1971         64      6029312            0  6029312
  89  input_hbm_to_spm            1971      2035         64            0      6029312  6029312
  90  output_spm_to_hbm           1700      1764         64            0            0  6029312
  91  input_hbm_to_spm            1764      1828         64            0      6029312  6029312
  92  cross_digit_reduce          2035      2099         64      6029312      6029312  0
  93  output_spm_to_hbm           2099      2163         64      6029312            0  6029312
  94  input_hbm_to_spm            2163      2227         64            0      6029312  6029312
  95  intt_load                   2227      2291         64      6029312     12058624  0
  96  intt_bfly_local             2291      2355         64     12058624     12058624  0
  97  intt_transpose1             2355      2371         16     12058624     12058624  0
  98  intt_bfly_global            2371      2435         64     12058624     12058624  0
  99  intt_transpose2             2435      2499         64     12058624     12058624  0
  100  intt_store                  2499      2563         64     12058624     12058624  0
  101  bconv_load                  2563      2627         64     12058624     18087936  0
  102  bconv_mac_p0                2627      2691         64     18087936     18087936  0
  103  bconv_mac_p1                2691      2755         64     18087936     18087936  0
  104  bconv_mac_p2                2755      2819         64     18087936     18087936  0
  105  bconv_mac_p3                2819      2883         64     18087936     18087936  0
  106  bconv_mac_p4                2883      2947         64     18087936     18087936  0
  107  bconv_mac_p5                2947      3011         64     18087936     18087936  0
  108  bconv_mac_p6                3011      3075         64     18087936     18087936  0
  109  bconv_mac_p7                3075      3139         64     18087936     18087936  0
  110  bconv_reduce                3139      3203         64     18087936     18087936  0
  111  bconv_store                 3203      3267         64     18087936     12058624  0
  112  ntt_load                    3267      3331         64     12058624     18087936  0
  113  ntt_bfly_local              3331      3395         64     18087936     18087936  0
  114  ntt_transpose1              3395      3411         16     18087936     18087936  0
  115  ntt_bfly_global             3411      3475         64     18087936     18087936  0
  116  ntt_transpose2              3475      3539         64     18087936     18087936  0
  117  ntt_store                   3539      3603         64     18087936     12058624  0
  118  final_subtract              3603      3667         64     12058624     12058624  0
  119  output_spm_to_hbm           3667      3731         64     12058624      6029312  6029312

--- BRAM Timeline (cycle, live_bytes) ---
# cycle,bram_bytes
0,0
0,0
64,6029312
1,0
65,6029312
129,18087936
193,24117248
193,24117248
257,24117248
257,24117248
273,24117248
273,24117248
337,24117248
337,24117248
401,24117248
402,24117248
466,18087936
466,18087936
530,24117248
530,24117248
594,24117248
594,24117248
658,24117248
658,24117248
722,24117248
722,24117248
786,24117248
786,24117248
850,24117248
850,24117248
914,24117248
914,24117248
978,24117248
978,24117248
1042,24117248
1042,24117248
1106,24117248
1106,24117248
1170,12058624
1170,12058624
1234,6029312
1234,6029312
1298,6029312
1298,6029312
1314,6029312
1314,6029312
1378,6029312
1379,6029312
1443,6029312
1443,0
1507,0
1507,0
1571,0
1571,0
1635,6029312
128,18087936
192,24117248
1635,6029312
1699,0
1699,0
1763,6029312
67,12058624
131,24117248
131,24117248
195,24117248
209,24117248
225,24117248
225,24117248
289,24117248
401,18087936
465,24117248
465,24117248
529,18087936
529,18087936
593,24117248
593,24117248
657,24117248
657,24117248
721,24117248
721,24117248
785,24117248
785,24117248
849,24117248
849,24117248
913,24117248
913,24117248
977,24117248
977,24117248
1041,24117248
1041,24117248
1105,24117248
1105,24117248
1169,18087936
1169,18087936
1233,6029312
1233,6029312
1297,6029312
1297,6029312
1361,6029312
1443,0
1459,0
1459,0
1523,6029312
1523,6029312
1587,6029312
1587,6029312
1651,0
1651,0
1715,0
1715,0
1779,6029312
66,12058624
130,24117248
1779,6029312
1843,6029312
1843,6029312
1907,6029312
65,6029312
129,18087936
129,24117248
193,24117248
193,24117248
209,24117248
209,24117248
273,24117248
273,24117248
337,24117248
337,24117248
401,18087936
401,18087936
465,24117248
465,24117248
529,24117248
529,18087936
593,24117248
595,24117248
659,24117248
659,24117248
723,24117248
723,24117248
787,24117248
787,24117248
851,24117248
851,24117248
915,24117248
915,24117248
979,24117248
979,24117248
1043,24117248
1043,24117248
1107,18087936
1107,18087936
1171,12058624
1171,12058624
1235,6029312
1235,6029312
1251,6029312
1251,6029312
1315,6029312
1315,6029312
1379,6029312
1379,6029312
1443,0
1444,0
1508,0
1508,0
1572,6029312
64,6029312
128,18087936
1572,6029312
1636,6029312
1636,6029312
1700,0
1763,6029312
1827,0
1827,0
1891,6029312
1907,6029312
1971,0
1971,0
2035,6029312
1700,0
1764,0
1764,0
1828,6029312
2035,6029312
2099,6029312
2099,6029312
2163,0
2163,0
2227,6029312
2227,6029312
2291,12058624
2291,12058624
2355,12058624
2355,12058624
2371,12058624
2371,12058624
2435,12058624
2435,12058624
2499,12058624
2499,12058624
2563,12058624
2563,12058624
2627,18087936
2627,18087936
2691,18087936
2691,18087936
2755,18087936
2755,18087936
2819,18087936
2819,18087936
2883,18087936
2883,18087936
2947,18087936
2947,18087936
3011,18087936
3011,18087936
3075,18087936
3075,18087936
3139,18087936
3139,18087936
3203,18087936
3203,18087936
3267,12058624
3267,12058624
3331,18087936
3331,18087936
3395,18087936
3395,18087936
3411,18087936
3411,18087936
3475,18087936
3475,18087936
3539,18087936
3539,18087936
3603,12058624
3603,12058624
3667,12058624
3667,12058624
3731,6029312

--- Transfer vs Compute ---
Transfer: 1280 cycles (34.3072%)
Compute:  6016 cycles (161.244%)
====================================================

[keyswitch] request=0 status=degraded fallback_used=0 method_degraded=1 unsupported_method=0 unsupported_config=0 compatibility_fallback=0 requested_method=Cinnamon effective_method=OutputCentric reason=degraded_to_single_board
Scheduler=fifo
Backend=cycle_stub
RuntimeBackend=cycle_stub
Workload=synthetic
Seed=123
NumCards=1
=== Request Metrics ===
Completed requests: 1
Mean latency(ns): 12437.0000
P95 latency(ns): 12437
P99 latency(ns): 12437
Max latency(ns): 12437
Mean queue time(ns): 0.0000
Mean service time(ns): 12437.0000
=== User Metrics ===
User 0: completed=1, mean_latency(ns)=12437.0000, throughput(req/ns)=0.0001, reload_count=1
=== Card Metrics ===
Card 0: utilization=1.0000, reload_count=1, served_requests=1
=== System Metrics ===
Total throughput(req/ns): 0.0001
Total reload count: 1
Jain fairness index: 1.0000
Simulation window(ns): [23, 12460], duration=12437
PoolConfigSource=built-in default
TreeConfigSource=built-in default
HEParamsSource=built-in default
=== CycleBackend Method Dispatch Stats ===
EstimateCalls=1
CycleFallbackCount=0
CSVOutput=results/metrics_cinnamon.csv
