=== Experiment Config ===
Scheduler: fifo
Backend: cycle_stub
Workload: synthetic
KeySwitchMethod: cinnamon
Seed: 123
NumCards: 3
NumUsers: 1
EnableMultiCard: true
KeySwitchMultiBoardMode: output_aggregation
SyntheticRequestsPerUser: 1
SyntheticInterArrival: 300
SyntheticStartTime: 0
BurstBursts: 4
BurstRequestsPerUserPerBurst: 2
BurstIntraGap: 20
BurstInterGap: 1200
BurstStartTime: 0
BurstLevel: 1
NumPools: 1
PoolConfigSource: built-in default
TreeConfigSource: built-in default
HEParamsSource: built-in default
CSVOutput: results/metrics_cinnamon_output_aggregation.csv
DumpLogicalGraph: true
DumpRuntimePlan: true
=========================

========== Detailed Execution Statistics ==========

--- Summary ---
Total cycles:           3940
Total latency (ns):     13134
Peak BRAM live (bytes): 42205184
HBM read (bytes):       85983393
HBM write (bytes):      54263854
Dependency stalls:      3537 cycles
Resource stalls:        403 cycles
Instruction groups:     184
Total instructions:     184

--- Cycle Breakdown by Instruction Kind ---
  LoadHBM: cycles=1152 (29.2386%)  count=18  bytes=85983393
  StoreHBM: cycles=640 (16.2437%)  count=10  bytes=54263854
  EweMul: cycles=192 (4.8731%)  count=3  bytes=0
  EweAdd: cycles=384 (9.74619%)  count=6  bytes=0
  EweSub: cycles=192 (4.8731%)  count=3  bytes=0
  NTTLoad: cycles=384 (9.74619%)  count=6  bytes=0
  NTTButterflyLocal: cycles=384 (9.74619%)  count=6  bytes=0
  NTTTranspose1: cycles=96 (2.43655%)  count=6  bytes=0
  NTTButterflyGlobal: cycles=384 (9.74619%)  count=6  bytes=0
  NTTTranspose2: cycles=384 (9.74619%)  count=6  bytes=0
  NTTStore: cycles=384 (9.74619%)  count=6  bytes=0
  INTTLoad: cycles=384 (9.74619%)  count=6  bytes=0
  INTTButterflyLocal: cycles=384 (9.74619%)  count=6  bytes=0
  INTTTranspose1: cycles=96 (2.43655%)  count=6  bytes=0
  INTTButterflyGlobal: cycles=384 (9.74619%)  count=6  bytes=0
  INTTTranspose2: cycles=384 (9.74619%)  count=6  bytes=0
  INTTStore: cycles=384 (9.74619%)  count=6  bytes=0
  BConvLoad: cycles=384 (9.74619%)  count=6  bytes=0
  BConvMAC: cycles=3072 (77.9695%)  count=48  bytes=0
  BConvReduce: cycles=384 (9.74619%)  count=6  bytes=0
  BConvStore: cycles=384 (9.74619%)  count=6  bytes=0
  InterCardSend: cycles=129 (3.27411%)  count=3  bytes=12058624
  InterCardRecv: cycles=128 (3.24873%)  count=2  bytes=12058624
  InterCardReduce: cycles=64 (1.62437%)  count=1  bytes=24117248

--- EstimateCycle (1-Limb Input) by Operation ---
  key_host_to_hbm: kind=LoadHBM  one_limb_cycles=64  groups=3  instrs=3
  input_hbm_to_spm: kind=LoadHBM  one_limb_cycles=64  groups=12  instrs=12
  intt_load: kind=INTTLoad  one_limb_cycles=64  groups=6  instrs=6
  intt_bfly_local: kind=INTTButterflyLocal  one_limb_cycles=64  groups=6  instrs=6
  intt_transpose1: kind=INTTTranspose1  one_limb_cycles=16  groups=6  instrs=6
  intt_bfly_global: kind=INTTButterflyGlobal  one_limb_cycles=64  groups=6  instrs=6
  intt_transpose2: kind=INTTTranspose2  one_limb_cycles=64  groups=6  instrs=6
  intt_store: kind=INTTStore  one_limb_cycles=64  groups=6  instrs=6
  bconv_load: kind=BConvLoad  one_limb_cycles=64  groups=6  instrs=6
  bconv_mac_p0: kind=BConvMAC  one_limb_cycles=64  groups=6  instrs=6
  bconv_mac_p1: kind=BConvMAC  one_limb_cycles=64  groups=6  instrs=6
  bconv_mac_p2: kind=BConvMAC  one_limb_cycles=64  groups=6  instrs=6
  bconv_mac_p3: kind=BConvMAC  one_limb_cycles=64  groups=6  instrs=6
  bconv_mac_p4: kind=BConvMAC  one_limb_cycles=64  groups=6  instrs=6
  bconv_mac_p5: kind=BConvMAC  one_limb_cycles=64  groups=6  instrs=6
  bconv_mac_p6: kind=BConvMAC  one_limb_cycles=64  groups=6  instrs=6
  bconv_mac_p7: kind=BConvMAC  one_limb_cycles=64  groups=6  instrs=6
  bconv_reduce: kind=BConvReduce  one_limb_cycles=64  groups=6  instrs=6
  bconv_store: kind=BConvStore  one_limb_cycles=64  groups=6  instrs=6
  ntt_load: kind=NTTLoad  one_limb_cycles=64  groups=6  instrs=6
  ntt_bfly_local: kind=NTTButterflyLocal  one_limb_cycles=64  groups=6  instrs=6
  ntt_transpose1: kind=NTTTranspose1  one_limb_cycles=16  groups=6  instrs=6
  ntt_bfly_global: kind=NTTButterflyGlobal  one_limb_cycles=64  groups=6  instrs=6
  ntt_transpose2: kind=NTTTranspose2  one_limb_cycles=64  groups=6  instrs=6
  ntt_store: kind=NTTStore  one_limb_cycles=64  groups=6  instrs=6
  output_spm_to_hbm: kind=StoreHBM  one_limb_cycles=64  groups=10  instrs=10
  key_hbm_to_spm: kind=LoadHBM  one_limb_cycles=64  groups=3  instrs=3
  ks_inner_mul: kind=EweMul  one_limb_cycles=64  groups=3  instrs=3
  ks_inner_add: kind=EweAdd  one_limb_cycles=64  groups=3  instrs=3
  cross_digit_reduce: kind=EweAdd  one_limb_cycles=64  groups=3  instrs=3
  final_subtract: kind=EweSub  one_limb_cycles=64  groups=3  instrs=3
  inter_card_send: kind=InterCardSend  one_limb_cycles=64  groups=2  instrs=2
  inter_card_recv: kind=InterCardRecv  one_limb_cycles=64  groups=2  instrs=2
  inter_card_reduce: kind=InterCardReduce  one_limb_cycles=64  groups=1  instrs=1
  inter_card_barrier: kind=InterCardSend  one_limb_cycles=1  groups=1  instrs=1

--- Group Timeline ---
  ID  Name                     Start     End       Duration  BRAM_before  BRAM_after   Bytes
   0  key_host_to_hbm                0        64         64            0      4019572  8388608
   1  input_hbm_to_spm               2        66         64            0      4019572  2009786
   2  intt_load                     66       130         64      4019572     10048930  0
   3  intt_bfly_local              130       194         64     10048930     12058716  0
   4  intt_transpose1              194       210         16     12058716     12058716  0
   5  intt_bfly_global             210       274         64     12058716     12058716  0
   6  intt_transpose2              288       352         64     12058716     12058716  0
   7  intt_store                   352       416         64     12058716     10048930  0
   8  bconv_load                   417       481         64     10048930     12058716  0
   9  bconv_mac_p0                 481       545         64     12058716     12058716  0
  10  bconv_mac_p1                 545       609         64     10048930     12058716  0
  11  bconv_mac_p2                 610       674         64     12058716     12058716  0
  12  bconv_mac_p3                 674       738         64     12058716     12058716  0
  13  bconv_mac_p4                 738       802         64     12058716     12058716  0
  14  bconv_mac_p5                 802       866         64     12058716     12058716  0
  15  bconv_mac_p6                 866       930         64     12058716     12058716  0
  16  bconv_mac_p7                 930       994         64     12058716     12058716  0
  17  bconv_reduce                 994      1058         64     12058716     12058716  0
  18  bconv_store                 1058      1122         64     12058716     10048930  0
  19  ntt_load                    1122      1186         64     10048930      8039144  0
  20  ntt_bfly_local              1186      1250         64      8039144      6029358  0
  21  ntt_transpose1              1250      1266         16      6029358      6029358  0
  22  ntt_bfly_global             1266      1330         64      6029358      6029358  0
  23  ntt_transpose2              1330      1394         64      6029358      6029358  0
  24  ntt_store                   1394      1458         64      6029358      4019572  0
  25  output_spm_to_hbm           1458      1522         64      4019572      2009786  2009786
  26  input_hbm_to_spm            1522      1586         64      2009786      2009786  2009786
  27  key_hbm_to_spm                64       128         64      4019572      8039144  4194327
  28  ks_inner_mul                1586      1650         64      2009786            0  0
  29  ks_inner_add                1650      1714         64            0      2009786  0
  30  output_spm_to_hbm           1714      1778         64      2009786            0  6029312
  31  input_hbm_to_spm            1778      1842         64            0      6029312  6029312
  32  cross_digit_reduce          1842      1906         64      6029312      6029312  0
  33  output_spm_to_hbm           1906      1970         64      6029312            0  6029312
  34  input_hbm_to_spm            1970      2034         64            0      6029312  6029312
  35  intt_load                   2034      2098         64      6029312     12058624  0
  36  intt_bfly_local             2098      2162         64     12058624     18087936  0
  37  intt_transpose1             2162      2178         16     18087936     18087936  0
  38  intt_bfly_global            2178      2242         64     18087936     24117248  0
  39  intt_transpose2             2242      2306         64     24117248     24117248  0
  40  intt_store                  2306      2370         64     24117248     24117248  0
  41  bconv_load                  2370      2434         64     24117248     30146560  0
  42  bconv_mac_p0                2434      2498         64     30146560     30146560  0
  43  bconv_mac_p1                2498      2562         64     30146560     36175872  0
  44  bconv_mac_p2                2562      2626         64     36175872     42205184  0
  45  bconv_mac_p3                2626      2690         64     42205184     42205184  0
  46  bconv_mac_p4                2690      2754         64     42205184     42205184  0
  47  bconv_mac_p5                2754      2818         64     42205184     42205184  0
  48  bconv_mac_p6                2818      2882         64     42205184     42205184  0
  49  bconv_mac_p7                2882      2946         64     42205184     42205184  0
  50  bconv_reduce                2946      3010         64     42205184     42205184  0
  51  bconv_store                 3010      3074         64     42205184     36175872  0
  52  ntt_load                    3074      3138         64     36175872     42205184  0
  53  ntt_bfly_local              3138      3202         64     42205184     42205184  0
  54  ntt_transpose1              3202      3218         16     42205184     42205184  0
  55  ntt_bfly_global             3218      3282         64     42205184     42205184  0
  56  ntt_transpose2              3282      3346         64     42205184     42205184  0
  57  ntt_store                   3346      3410         64     42205184     36175872  0
  58  final_subtract              3410      3474         64     36175872     36175872  0
  59  key_host_to_hbm                1        65         64            0      4019572  8388608
  60  input_hbm_to_spm              67       131         64      6029358     10048930  2009786
  61  intt_load                    131       195         64     10048930     12058716  0
  62  intt_bfly_local              195       259         64     12058716     12058716  0
  63  intt_transpose1              272       288         16     12058716     12058716  0
  64  intt_bfly_global             288       352         64     12058716     12058716  0
  65  intt_transpose2              416       480         64     10048930     12058716  0
  66  intt_store                   481       545         64     12058716     10048930  0
  67  bconv_load                   545       609         64     10048930     12058716  0
  68  bconv_mac_p0                 609       673         64     12058716     12058716  0
  69  bconv_mac_p1                 673       737         64     12058716     12058716  0
  70  bconv_mac_p2                 737       801         64     12058716     12058716  0
  71  bconv_mac_p3                 801       865         64     12058716     12058716  0
  72  bconv_mac_p4                 865       929         64     12058716     12058716  0
  73  bconv_mac_p5                 929       993         64     12058716     12058716  0
  74  bconv_mac_p6                 993      1057         64     12058716     12058716  0
  75  bconv_mac_p7                1057      1121         64     12058716     12058716  0
  76  bconv_reduce                1121      1185         64     12058716      8039144  0
  77  bconv_store                 1185      1249         64      8039144      6029358  0
  78  ntt_load                    1249      1313         64      6029358      6029358  0
  79  ntt_bfly_local              1313      1377         64      6029358      6029358  0
  80  ntt_transpose1              1394      1410         16      6029358      6029358  0
  81  ntt_bfly_global             1410      1474         64      6029358      4019572  0
  82  ntt_transpose2              1474      1538         64      4019572      4019572  0
  83  ntt_store                   1539      1603         64      2009786            0  0
  84  output_spm_to_hbm           1603      1667         64            0            0  2009786
  85  input_hbm_to_spm            1667      1731         64            0      2009786  2009786
  86  key_hbm_to_spm                65       129         64      4019572     10048930  4194327
  87  ks_inner_mul                1731      1795         64      2009786      6029312  0
  88  ks_inner_add                1795      1859         64      6029312      6029312  0
  89  output_spm_to_hbm           1859      1923         64      6029312            0  6029312
  90  input_hbm_to_spm            1923      1987         64            0      6029312  6029312
  91  cross_digit_reduce          1987      2051         64      6029312     12058624  0
  92  output_spm_to_hbm           2051      2115         64     12058624     12058624  6029312
  93  input_hbm_to_spm            2115      2179         64     12058624     18087936  6029312
  94  intt_load                   2179      2243         64     18087936     24117248  0
  95  intt_bfly_local             2243      2307         64     24117248     24117248  0
  96  intt_transpose1             2322      2338         16     24117248     24117248  0
  97  intt_bfly_global            2338      2402         64     24117248     30146560  0
  98  intt_transpose2             2450      2514         64     30146560     30146560  0
  99  intt_store                  2514      2578         64     30146560     36175872  0
  100  bconv_load                  2578      2642         64     36175872     42205184  0
  101  bconv_mac_p0                2642      2706         64     42205184     42205184  0
  102  bconv_mac_p1                2706      2770         64     42205184     42205184  0
  103  bconv_mac_p2                2770      2834         64     42205184     42205184  0
  104  bconv_mac_p3                2834      2898         64     42205184     42205184  0
  105  bconv_mac_p4                2898      2962         64     42205184     42205184  0
  106  bconv_mac_p5                2962      3026         64     42205184     42205184  0
  107  bconv_mac_p6                3026      3090         64     42205184     42205184  0
  108  bconv_mac_p7                3090      3154         64     42205184     42205184  0
  109  bconv_reduce                3154      3218         64     42205184     42205184  0
  110  bconv_store                 3218      3282         64     42205184     36175872  0
  111  ntt_load                    3282      3346         64     36175872     42205184  0
  112  ntt_bfly_local              3346      3410         64     42205184     42205184  0
  113  ntt_transpose1              3410      3426         16     42205184     42205184  0
  114  ntt_bfly_global             3426      3490         64     42205184     36175872  0
  115  ntt_transpose2              3491      3555         64     36175872     36175872  0
  116  ntt_store                   3555      3619         64     30146560     24117248  0
  117  final_subtract              3619      3683         64     24117248     24117248  0
  118  key_host_to_hbm              129       193         64     10048930     12058716  8388608
  119  input_hbm_to_spm               3        67         64      2009786      6029358  2009786
  120  intt_load                    128       192         64      8039144     12058716  0
  121  intt_bfly_local              192       256         64     12058716     12058716  0
  122  intt_transpose1              256       272         16     12058716     12058716  0
  123  intt_bfly_global             272       336         64     12058716     12058716  0
  124  intt_transpose2              352       416         64     12058716     12058716  0
  125  intt_store                   416       480         64     10048930     10048930  0
  126  bconv_load                   480       544         64     10048930     12058716  0
  127  bconv_mac_p0                 544       608         64     12058716     12058716  0
  128  bconv_mac_p1                 608       672         64     12058716     12058716  0
  129  bconv_mac_p2                 672       736         64     12058716     12058716  0
  130  bconv_mac_p3                 736       800         64     12058716     12058716  0
  131  bconv_mac_p4                 800       864         64     12058716     12058716  0
  132  bconv_mac_p5                 864       928         64     12058716     12058716  0
  133  bconv_mac_p6                 928       992         64     12058716     12058716  0
  134  bconv_mac_p7                 992      1056         64     12058716     12058716  0
  135  bconv_reduce                1056      1120         64     12058716     12058716  0
  136  bconv_store                 1120      1184         64     12058716      8039144  0
  137  ntt_load                    1184      1248         64      8039144      8039144  0
  138  ntt_bfly_local              1248      1312         64      8039144      6029358  0
  139  ntt_transpose1              1312      1328         16      6029358      6029358  0
  140  ntt_bfly_global             1328      1392         64      6029358      6029358  0
  141  ntt_transpose2              1410      1474         64      6029358      4019572  0
  142  ntt_store                   1474      1538         64      4019572      2009786  0
  143  output_spm_to_hbm           1538      1602         64      2009786            0  2009786
  144  input_hbm_to_spm            1602      1666         64            0            0  2009786
  145  key_hbm_to_spm               193       257         64     12058716     12058716  4194327
  146  ks_inner_mul                1666      1730         64            0      2009786  0
  147  ks_inner_add                1730      1794         64      2009786      6029312  0
  148  output_spm_to_hbm           1794      1858         64      6029312            0  6029312
  149  input_hbm_to_spm            1858      1922         64            0      6029312  6029312
  150  cross_digit_reduce          1922      1986         64      6029312      6029312  0
  151  output_spm_to_hbm           1986      2050         64      6029312      6029312  6029312
  152  input_hbm_to_spm            2050      2114         64      6029312     12058624  6029312
  153  intt_load                   2114      2178         64     12058624     18087936  0
  154  intt_bfly_local             2179      2243         64     18087936     24117248  0
  155  intt_transpose1             2306      2322         16     24117248     24117248  0
  156  intt_bfly_global            2322      2386         64     24117248     30146560  0
  157  intt_transpose2             2386      2450         64     30146560     30146560  0
  158  intt_store                  2450      2514         64     30146560     30146560  0
  159  bconv_load                  2515      2579         64     30146560     42205184  0
  160  bconv_mac_p0                2579      2643         64     42205184     42205184  0
  161  bconv_mac_p1                2643      2707         64     42205184     42205184  0
  162  bconv_mac_p2                2707      2771         64     42205184     42205184  0
  163  bconv_mac_p3                2771      2835         64     42205184     42205184  0
  164  bconv_mac_p4                2835      2899         64     42205184     42205184  0
  165  bconv_mac_p5                2899      2963         64     42205184     42205184  0
  166  bconv_mac_p6                2963      3027         64     42205184     42205184  0
  167  bconv_mac_p7                3027      3091         64     42205184     42205184  0
  168  bconv_reduce                3091      3155         64     42205184     42205184  0
  169  bconv_store                 3155      3219         64     42205184     36175872  0
  170  ntt_load                    3219      3283         64     36175872     42205184  0
  171  ntt_bfly_local              3283      3347         64     42205184     42205184  0
  172  ntt_transpose1              3347      3363         16     42205184     42205184  0
  173  ntt_bfly_global             3363      3427         64     42205184     42205184  0
  174  ntt_transpose2              3427      3491         64     42205184     36175872  0
  175  ntt_store                   3491      3555         64     36175872     30146560  0
  176  final_subtract              3555      3619         64     30146560     30146560  0
  177  inter_card_send             3683      3747         64     24117248     24117248  6029312
  178  inter_card_recv             3747      3811         64     24117248     24117248  6029312
  179  inter_card_send             3619      3683         64     24117248     24117248  6029312
  180  inter_card_recv             3684      3748         64     24117248     24117248  6029312
  181  inter_card_reduce           3811      3875         64     24117248     24117248  24117248
  182  inter_card_barrier          3875      3876          1     24117248     24117248  0
  183  output_spm_to_hbm           3876      3940         64     24117248     24117248  12058624

--- BRAM Timeline (cycle, live_bytes) ---
# cycle,bram_bytes
0,0
0,0
64,4019572
2,0
66,4019572
66,4019572
130,10048930
130,10048930
194,12058716
194,12058716
210,12058716
210,12058716
274,12058716
288,12058716
352,12058716
352,12058716
416,10048930
417,10048930
481,12058716
481,12058716
545,12058716
545,10048930
609,12058716
610,12058716
674,12058716
674,12058716
738,12058716
738,12058716
802,12058716
802,12058716
866,12058716
866,12058716
930,12058716
930,12058716
994,12058716
994,12058716
1058,12058716
1058,12058716
1122,10048930
1122,10048930
1186,8039144
1186,8039144
1250,6029358
1250,6029358
1266,6029358
1266,6029358
1330,6029358
1330,6029358
1394,6029358
1394,6029358
1458,4019572
1458,4019572
1522,2009786
1522,2009786
1586,2009786
64,4019572
128,8039144
1586,2009786
1650,0
1650,0
1714,2009786
1714,2009786
1778,0
1778,0
1842,6029312
1842,6029312
1906,6029312
1906,6029312
1970,0
1970,0
2034,6029312
2034,6029312
2098,12058624
2098,12058624
2162,18087936
2162,18087936
2178,18087936
2178,18087936
2242,24117248
2242,24117248
2306,24117248
2306,24117248
2370,24117248
2370,24117248
2434,30146560
2434,30146560
2498,30146560
2498,30146560
2562,36175872
2562,36175872
2626,42205184
2626,42205184
2690,42205184
2690,42205184
2754,42205184
2754,42205184
2818,42205184
2818,42205184
2882,42205184
2882,42205184
2946,42205184
2946,42205184
3010,42205184
3010,42205184
3074,36175872
3074,36175872
3138,42205184
3138,42205184
3202,42205184
3202,42205184
3218,42205184
3218,42205184
3282,42205184
3282,42205184
3346,42205184
3346,42205184
3410,36175872
3410,36175872
3474,36175872
1,0
65,4019572
67,6029358
131,10048930
131,10048930
195,12058716
195,12058716
259,12058716
272,12058716
288,12058716
288,12058716
352,12058716
416,10048930
480,12058716
481,12058716
545,10048930
545,10048930
609,12058716
609,12058716
673,12058716
673,12058716
737,12058716
737,12058716
801,12058716
801,12058716
865,12058716
865,12058716
929,12058716
929,12058716
993,12058716
993,12058716
1057,12058716
1057,12058716
1121,12058716
1121,12058716
1185,8039144
1185,8039144
1249,6029358
1249,6029358
1313,6029358
1313,6029358
1377,6029358
1394,6029358
1410,6029358
1410,6029358
1474,4019572
1474,4019572
1538,4019572
1539,2009786
1603,0
1603,0
1667,0
1667,0
1731,2009786
65,4019572
129,10048930
1731,2009786
1795,6029312
1795,6029312
1859,6029312
1859,6029312
1923,0
1923,0
1987,6029312
1987,6029312
2051,12058624
2051,12058624
2115,12058624
2115,12058624
2179,18087936
2179,18087936
2243,24117248
2243,24117248
2307,24117248
2322,24117248
2338,24117248
2338,24117248
2402,30146560
2450,30146560
2514,30146560
2514,30146560
2578,36175872
2578,36175872
2642,42205184
2642,42205184
2706,42205184
2706,42205184
2770,42205184
2770,42205184
2834,42205184
2834,42205184
2898,42205184
2898,42205184
2962,42205184
2962,42205184
3026,42205184
3026,42205184
3090,42205184
3090,42205184
3154,42205184
3154,42205184
3218,42205184
3218,42205184
3282,36175872
3282,36175872
3346,42205184
3346,42205184
3410,42205184
3410,42205184
3426,42205184
3426,42205184
3490,36175872
3491,36175872
3555,36175872
3555,30146560
3619,24117248
3619,24117248
3683,24117248
129,10048930
193,12058716
3,2009786
67,6029358
128,8039144
192,12058716
192,12058716
256,12058716
256,12058716
272,12058716
272,12058716
336,12058716
352,12058716
416,12058716
416,10048930
480,10048930
480,10048930
544,12058716
544,12058716
608,12058716
608,12058716
672,12058716
672,12058716
736,12058716
736,12058716
800,12058716
800,12058716
864,12058716
864,12058716
928,12058716
928,12058716
992,12058716
992,12058716
1056,12058716
1056,12058716
1120,12058716
1120,12058716
1184,8039144
1184,8039144
1248,8039144
1248,8039144
1312,6029358
1312,6029358
1328,6029358
1328,6029358
1392,6029358
1410,6029358
1474,4019572
1474,4019572
1538,2009786
1538,2009786
1602,0
1602,0
1666,0
193,12058716
257,12058716
1666,0
1730,2009786
1730,2009786
1794,6029312
1794,6029312
1858,0
1858,0
1922,6029312
1922,6029312
1986,6029312
1986,6029312
2050,6029312
2050,6029312
2114,12058624
2114,12058624
2178,18087936
2179,18087936
2243,24117248
2306,24117248
2322,24117248
2322,24117248
2386,30146560
2386,30146560
2450,30146560
2450,30146560
2514,30146560
2515,30146560
2579,42205184
2579,42205184
2643,42205184
2643,42205184
2707,42205184
2707,42205184
2771,42205184
2771,42205184
2835,42205184
2835,42205184
2899,42205184
2899,42205184
2963,42205184
2963,42205184
3027,42205184
3027,42205184
3091,42205184
3091,42205184
3155,42205184
3155,42205184
3219,36175872
3219,36175872
3283,42205184
3283,42205184
3347,42205184
3347,42205184
3363,42205184
3363,42205184
3427,42205184
3427,42205184
3491,36175872
3491,36175872
3555,30146560
3555,30146560
3619,30146560
3683,24117248
3747,24117248
3747,24117248
3811,24117248
3619,24117248
3683,24117248
3684,24117248
3748,24117248
3811,24117248
3875,24117248
3875,24117248
3876,24117248
3876,24117248
3940,24117248

--- Transfer vs Compute ---
Transfer: 1792 cycles (45.4822%)
Compute:  9345 cycles (237.183%)
====================================================

Scheduler=fifo
Backend=cycle_stub
RuntimeBackend=cycle_stub
Workload=synthetic
Seed=123
NumCards=3
=== Request Metrics ===
Completed requests: 1
Mean latency(ns): 13134.0000
P95 latency(ns): 13134
P99 latency(ns): 13134
Max latency(ns): 13134
Mean queue time(ns): 0.0000
Mean service time(ns): 13134.0000
=== User Metrics ===
User 0: completed=1, mean_latency(ns)=13134.0000, throughput(req/ns)=0.0001, reload_count=3
=== Card Metrics ===
Card 0: utilization=1.0000, reload_count=1, served_requests=1
Card 1: utilization=1.0000, reload_count=1, served_requests=1
Card 2: utilization=1.0000, reload_count=1, served_requests=1
=== System Metrics ===
Total throughput(req/ns): 0.0001
Total reload count: 3
Jain fairness index: 1.0000
Simulation window(ns): [23, 13157], duration=13134
PoolConfigSource=built-in default
TreeConfigSource=built-in default
HEParamsSource=built-in default
=== CycleBackend Method Dispatch Stats ===
EstimateCalls=1
CycleFallbackCount=0
CSVOutput=results/metrics_cinnamon_output_aggregation.csv
